2025-11-02 19:18:24,972 - ad_parser - INFO - Запуск парсинга рекламных элементов...
2025-11-02 19:18:24,973 - ad_parser - INFO - Начинаем обработку 1 валидных URL
2025-11-02 19:18:24,973 - ad_parser - INFO - Начинаем парсинг: https://ria.ru
2025-11-02 19:18:26,083 - ad_parser - INFO - WebDriver успешно инициализирован
2025-11-02 19:18:26,083 - ad_parser - INFO - Загрузка страницы: https://ria.ru
2025-11-02 19:18:29,667 - ad_parser - INFO - Страница успешно загружена: https://ria.ru
2025-11-02 19:18:30,901 - ad_parser - INFO - WebDriver успешно инициализирован
2025-11-02 19:18:30,958 - ad_parser - INFO - Обнаружено рекламных элементов: 16
2025-11-02 19:18:30,963 - ad_parser - ERROR - Ошибка при обнаружении рекламы через Selenium: Message: invalid argument: invalid locator
  (Session info: chrome=142.0.7444.59)
Stacktrace:
Symbols not available. Dumping unresolved backtrace:
	0x7ff669bf7a35
	0x7ff669bf7a90
	0x7ff6699716ad
	0x7ff6699c9efe
	0x7ff6699ca44c
	0x7ff669a1ec17
	0x7ff669a1b8fb
	0x7ff6699bb068
	0x7ff6699bbe93
	0x7ff669eb29d0
	0x7ff669eace50
	0x7ff669eccc45
	0x7ff669c130ce
	0x7ff669c1adbf
	0x7ff669c00c14
	0x7ff669c00dcf
	0x7ff669be6828
	0x7ffdd2a2e8d7
	0x7ffdd4a8c53c

2025-11-02 19:18:30,964 - ad_parser - INFO - Парсинг завершен: https://ria.ru - найдено 16 рекламных элементов
2025-11-02 19:18:33,129 - ad_parser - INFO - WebDriver закрыт
2025-11-02 19:18:33,130 - ad_parser - INFO - Генерация отчетов...
2025-11-02 19:18:33,131 - ad_parser - ERROR - Критическая ошибка: [Errno 2] No such file or directory: 'outputs/reports/ad_report_20251102_191833.json'
